<?xml version="1.0" encoding="UTF-8"?>
<!-- Generated by org.testng.reporters.JUnitReportReporter -->
<testsuite hostname="DESKTOP-ORMBRL3" failures="0" tests="1" name="MainTests.SaucelabSocial" time="3.112" errors="0" timestamp="2025-06-09T20:49:32 EDT" skipped="0">
  <testcase classname="MainTests.SaucelabSocial" name="E2E" time="3.112"/>
</testsuite> <!-- MainTests.SaucelabSocial -->
