<?xml version="1.0" encoding="UTF-8"?>
<!-- Generated by org.testng.reporters.JUnitReportReporter -->
<testsuite hostname="LAPTOP-2C3CKVD9" failures="0" tests="1" name="MainTests.OptimizedE2E" time="65.423" errors="0" timestamp="2025-02-24T22:00:08 EST" skipped="0">
  <testcase classname="MainTests.OptimizedE2E" name="OE2E" time="65.423"/>
</testsuite> <!-- MainTests.OptimizedE2E -->
