<?xml version="1.0" encoding="UTF-8"?>
<!-- Generated by org.testng.reporters.JUnitReportReporter -->
<testsuite hostname="LAPTOP-2C3CKVD9" failures="0" tests="1" name="MainTests.E2E" time="13.881" errors="0" timestamp="2025-02-13T15:49:09 EST" skipped="0">
  <testcase classname="MainTests.E2E" name="E1" time="13.881"/>
  <system-out/>
</testsuite> <!-- MainTests.E2E -->
