<?xml version="1.0" encoding="UTF-8"?>
<!-- Generated by org.testng.reporters.JUnitReportReporter -->
<testsuite hostname="DESKTOP-ORMBRL3" failures="0" tests="1" name="MainTests.Mocking" time="22.786" errors="0" timestamp="2025-06-26T22:17:43 EDT" skipped="0">
  <testcase classname="MainTests.Mocking" name="letssee" time="22.786"/>
</testsuite> <!-- MainTests.Mocking -->
