<?xml version="1.0" encoding="UTF-8"?>
<!-- Generated by org.testng.reporters.JUnitReportReporter -->
<testsuite hostname="DESKTOP-ORMBRL3" failures="0" tests="1" name="MainTests.OptimizedE2E" time="20.399" errors="0" timestamp="2025-03-05T21:54:33 EST" skipped="0">
  <testcase classname="MainTests.OptimizedE2E" name="OE2E" time="20.399"/>
</testsuite> <!-- MainTests.OptimizedE2E -->
